{"level":"info","message":"🚀 NGO Backend Server running on port 3000","service":"ngo-backend","timestamp":"2025-06-08T19:18:00.993Z"}
{"level":"info","message":"📝 Environment: development","service":"ngo-backend","timestamp":"2025-06-08T19:18:00.994Z"}
{"level":"info","message":"🔗 API Base URL: http://localhost:3000/api","service":"ngo-backend","timestamp":"2025-06-08T19:18:00.994Z"}
{"level":"info","message":{"ip":"::1","method":"GET","url":"/","userAgent":"Mozilla/5.0 (Windows NT 10.0; Win64; x64) AppleWebKit/537.36 (KHTML, like Gecko) Chrome/137.0.0.0 Safari/537.36"},"service":"ngo-backend","timestamp":"2025-06-08T19:18:11.947Z"}
{"level":"info","message":{"ip":"::1","method":"GET","url":"/favicon.ico","userAgent":"Mozilla/5.0 (Windows NT 10.0; Win64; x64) AppleWebKit/537.36 (KHTML, like Gecko) Chrome/137.0.0.0 Safari/537.36"},"service":"ngo-backend","timestamp":"2025-06-08T19:18:12.001Z"}
{"level":"info","message":{"ip":"::1","method":"GET","url":"/","userAgent":"Mozilla/5.0 (Windows NT 10.0; Win64; x64) AppleWebKit/537.36 (KHTML, like Gecko) Chrome/137.0.0.0 Safari/537.36"},"service":"ngo-backend","timestamp":"2025-06-08T19:18:27.967Z"}
{"level":"info","message":{"ip":"::1","method":"GET","url":"/","userAgent":"Mozilla/5.0 (Windows NT 10.0; Win64; x64) AppleWebKit/537.36 (KHTML, like Gecko) Chrome/137.0.0.0 Safari/537.36"},"service":"ngo-backend","timestamp":"2025-06-08T19:18:34.217Z"}
{"level":"info","message":{"ip":"::1","method":"GET","url":"/","userAgent":"Mozilla/5.0 (Windows NT 10.0; Win64; x64) AppleWebKit/537.36 (KHTML, like Gecko) Chrome/137.0.0.0 Safari/537.36"},"service":"ngo-backend","timestamp":"2025-06-08T19:18:34.735Z"}
{"level":"info","message":{"ip":"::1","method":"GET","url":"/","userAgent":"Mozilla/5.0 (Windows NT 10.0; Win64; x64) AppleWebKit/537.36 (KHTML, like Gecko) Chrome/137.0.0.0 Safari/537.36"},"service":"ngo-backend","timestamp":"2025-06-08T19:18:34.905Z"}
{"level":"info","message":{"ip":"::1","method":"GET","url":"/","userAgent":"Mozilla/5.0 (Windows NT 10.0; Win64; x64) AppleWebKit/537.36 (KHTML, like Gecko) Chrome/137.0.0.0 Safari/537.36"},"service":"ngo-backend","timestamp":"2025-06-08T19:18:35.056Z"}
{"level":"info","message":{"ip":"::1","method":"GET","url":"/api/auth/signup","userAgent":"PostmanRuntime/7.44.0"},"service":"ngo-backend","timestamp":"2025-06-08T19:20:25.857Z"}
{"level":"info","message":{"ip":"::1","method":"POST","url":"/api/auth/signup","userAgent":"PostmanRuntime/7.44.0"},"service":"ngo-backend","timestamp":"2025-06-08T19:20:33.449Z"}
{"context":{},"level":"error","message":"Email is required, Password is required, Username is required, \"first_name\" is required, \"last_name\" is required, \"mobile\" is required, \"address\" is required","service":"ngo-backend","stack":"Error: Email is required, Password is required, Username is required, \"first_name\" is required, \"last_name\" is required, \"mobile\" is required, \"address\" is required\n    at handleError (C:\\Users\\divya\\OneDrive\\Desktop\\ngo_backend\\src\\utils\\errorHandler.js:30:17)\n    at C:\\Users\\divya\\OneDrive\\Desktop\\ngo_backend\\src\\middleware\\validation.js:11:15\n    at Layer.handle [as handle_request] (C:\\Users\\divya\\OneDrive\\Desktop\\ngo_backend\\node_modules\\express\\lib\\router\\layer.js:95:5)\n    at next (C:\\Users\\divya\\OneDrive\\Desktop\\ngo_backend\\node_modules\\express\\lib\\router\\route.js:149:13)\n    at Route.dispatch (C:\\Users\\divya\\OneDrive\\Desktop\\ngo_backend\\node_modules\\express\\lib\\router\\route.js:119:3)\n    at Layer.handle [as handle_request] (C:\\Users\\divya\\OneDrive\\Desktop\\ngo_backend\\node_modules\\express\\lib\\router\\layer.js:95:5)\n    at C:\\Users\\divya\\OneDrive\\Desktop\\ngo_backend\\node_modules\\express\\lib\\router\\index.js:284:15\n    at Function.process_params (C:\\Users\\divya\\OneDrive\\Desktop\\ngo_backend\\node_modules\\express\\lib\\router\\index.js:346:12)\n    at next (C:\\Users\\divya\\OneDrive\\Desktop\\ngo_backend\\node_modules\\express\\lib\\router\\index.js:280:10)\n    at Function.handle (C:\\Users\\divya\\OneDrive\\Desktop\\ngo_backend\\node_modules\\express\\lib\\router\\index.js:175:3)","statusCode":400,"timestamp":"2025-06-08T19:20:33.451Z","type":"VALIDATION_ERROR"}
{"level":"info","message":{"ip":"::1","method":"POST","url":"/api/auth/signup","userAgent":"PostmanRuntime/7.44.0"},"service":"ngo-backend","timestamp":"2025-06-08T19:22:56.398Z"}
{"context":{},"level":"error","message":"Please provide a valid email address, Username must contain only alphanumeric characters, Mobile number must be 10 digits","service":"ngo-backend","stack":"Error: Please provide a valid email address, Username must contain only alphanumeric characters, Mobile number must be 10 digits\n    at handleError (C:\\Users\\divya\\OneDrive\\Desktop\\ngo_backend\\src\\utils\\errorHandler.js:30:17)\n    at C:\\Users\\divya\\OneDrive\\Desktop\\ngo_backend\\src\\middleware\\validation.js:11:15\n    at Layer.handle [as handle_request] (C:\\Users\\divya\\OneDrive\\Desktop\\ngo_backend\\node_modules\\express\\lib\\router\\layer.js:95:5)\n    at next (C:\\Users\\divya\\OneDrive\\Desktop\\ngo_backend\\node_modules\\express\\lib\\router\\route.js:149:13)\n    at Route.dispatch (C:\\Users\\divya\\OneDrive\\Desktop\\ngo_backend\\node_modules\\express\\lib\\router\\route.js:119:3)\n    at Layer.handle [as handle_request] (C:\\Users\\divya\\OneDrive\\Desktop\\ngo_backend\\node_modules\\express\\lib\\router\\layer.js:95:5)\n    at C:\\Users\\divya\\OneDrive\\Desktop\\ngo_backend\\node_modules\\express\\lib\\router\\index.js:284:15\n    at Function.process_params (C:\\Users\\divya\\OneDrive\\Desktop\\ngo_backend\\node_modules\\express\\lib\\router\\index.js:346:12)\n    at next (C:\\Users\\divya\\OneDrive\\Desktop\\ngo_backend\\node_modules\\express\\lib\\router\\index.js:280:10)\n    at Function.handle (C:\\Users\\divya\\OneDrive\\Desktop\\ngo_backend\\node_modules\\express\\lib\\router\\index.js:175:3)","statusCode":400,"timestamp":"2025-06-08T19:22:56.400Z","type":"VALIDATION_ERROR"}
{"level":"info","message":{"ip":"::1","method":"POST","url":"/api/auth/signup","userAgent":"PostmanRuntime/7.44.0"},"service":"ngo-backend","timestamp":"2025-06-08T19:23:12.673Z"}
{"context":{},"level":"error","message":"Username must contain only alphanumeric characters","service":"ngo-backend","stack":"Error: Username must contain only alphanumeric characters\n    at handleError (C:\\Users\\divya\\OneDrive\\Desktop\\ngo_backend\\src\\utils\\errorHandler.js:30:17)\n    at C:\\Users\\divya\\OneDrive\\Desktop\\ngo_backend\\src\\middleware\\validation.js:11:15\n    at Layer.handle [as handle_request] (C:\\Users\\divya\\OneDrive\\Desktop\\ngo_backend\\node_modules\\express\\lib\\router\\layer.js:95:5)\n    at next (C:\\Users\\divya\\OneDrive\\Desktop\\ngo_backend\\node_modules\\express\\lib\\router\\route.js:149:13)\n    at Route.dispatch (C:\\Users\\divya\\OneDrive\\Desktop\\ngo_backend\\node_modules\\express\\lib\\router\\route.js:119:3)\n    at Layer.handle [as handle_request] (C:\\Users\\divya\\OneDrive\\Desktop\\ngo_backend\\node_modules\\express\\lib\\router\\layer.js:95:5)\n    at C:\\Users\\divya\\OneDrive\\Desktop\\ngo_backend\\node_modules\\express\\lib\\router\\index.js:284:15\n    at Function.process_params (C:\\Users\\divya\\OneDrive\\Desktop\\ngo_backend\\node_modules\\express\\lib\\router\\index.js:346:12)\n    at next (C:\\Users\\divya\\OneDrive\\Desktop\\ngo_backend\\node_modules\\express\\lib\\router\\index.js:280:10)\n    at Function.handle (C:\\Users\\divya\\OneDrive\\Desktop\\ngo_backend\\node_modules\\express\\lib\\router\\index.js:175:3)","statusCode":400,"timestamp":"2025-06-08T19:23:12.674Z","type":"VALIDATION_ERROR"}
{"level":"info","message":{"ip":"::1","method":"POST","url":"/api/auth/signup","userAgent":"PostmanRuntime/7.44.0"},"service":"ngo-backend","timestamp":"2025-06-08T19:23:29.508Z"}
{"context":{"email":"divdiy1@gmail.com","userId":"9e361e19-bc85-4425-973f-33108e688315"},"level":"info","message":"User created successfully","service":"ngo-backend","timestamp":"2025-06-08T19:23:32.934Z"}
{"context":{"dataLength":1,"statusCode":201},"level":"info","message":"User registered successfully","service":"ngo-backend","timestamp":"2025-06-08T19:23:32.935Z"}
{"level":"info","message":{"ip":"::1","method":"POST","url":"/api/auth/login","userAgent":"PostmanRuntime/7.44.0"},"service":"ngo-backend","timestamp":"2025-06-08T19:24:34.876Z"}
{"context":{},"level":"error","message":"Email not confirmed","service":"ngo-backend","stack":"Error: Email not confirmed\n    at handleError (C:\\Users\\divya\\OneDrive\\Desktop\\ngo_backend\\src\\utils\\errorHandler.js:30:17)\n    at AuthService.signIn (C:\\Users\\divya\\OneDrive\\Desktop\\ngo_backend\\src\\services\\authService.js:61:15)\n    at process.processTicksAndRejections (node:internal/process/task_queues:95:5)\n    at async signIn (C:\\Users\\divya\\OneDrive\\Desktop\\ngo_backend\\src\\controllers\\authController.js:17:22)","statusCode":401,"timestamp":"2025-06-08T19:24:35.304Z","type":"AUTHENTICATION_ERROR"}
{"level":"info","message":{"ip":"::1","method":"POST","url":"/api/auth/login","userAgent":"PostmanRuntime/7.44.0"},"service":"ngo-backend","timestamp":"2025-06-08T19:25:25.919Z"}
{"context":{"email":"divdiy1@gmail.com","userId":"9e361e19-bc85-4425-973f-33108e688315"},"level":"info","message":"User signed in successfully","service":"ngo-backend","timestamp":"2025-06-08T19:25:26.329Z"}
{"context":{"dataLength":1,"statusCode":200},"level":"info","message":"Login successful","service":"ngo-backend","timestamp":"2025-06-08T19:25:26.329Z"}
{"level":"info","message":{"ip":"::1","method":"GET","url":"/api/users/","userAgent":"PostmanRuntime/7.44.0"},"service":"ngo-backend","timestamp":"2025-06-08T19:27:44.267Z"}
{"context":{"count":4},"level":"info","message":"Users retrieved successfully","service":"ngo-backend","timestamp":"2025-06-08T19:27:44.845Z"}
{"context":{"dataLength":4,"statusCode":200},"level":"info","message":"Users retrieved successfully","service":"ngo-backend","timestamp":"2025-06-08T19:27:44.846Z"}
{"level":"info","message":{"ip":"::1","method":"GET","url":"/api/auth/signup","userAgent":"PostmanRuntime/7.44.0"},"service":"ngo-backend","timestamp":"2025-06-08T19:28:59.873Z"}
{"level":"info","message":{"ip":"::1","method":"GET","url":"/api/users","userAgent":"PostmanRuntime/7.44.0"},"service":"ngo-backend","timestamp":"2025-06-08T19:29:07.275Z"}
{"context":{"count":4},"level":"info","message":"Users retrieved successfully","service":"ngo-backend","timestamp":"2025-06-08T19:29:07.716Z"}
{"context":{"dataLength":4,"statusCode":200},"level":"info","message":"Users retrieved successfully","service":"ngo-backend","timestamp":"2025-06-08T19:29:07.716Z"}
{"level":"info","message":"SIGINT received, shutting down gracefully","service":"ngo-backend","timestamp":"2025-06-08T19:29:51.555Z"}
{"level":"info","message":"🚀 NGO Backend Server running on port 3000","service":"ngo-backend","timestamp":"2025-06-14T15:38:40.315Z"}
{"level":"info","message":"📝 Environment: development","service":"ngo-backend","timestamp":"2025-06-14T15:38:40.318Z"}
{"level":"info","message":"🔗 API Base URL: http://localhost:3000/api","service":"ngo-backend","timestamp":"2025-06-14T15:38:40.318Z"}
{"level":"info","message":"SIGINT received, shutting down gracefully","service":"ngo-backend","timestamp":"2025-06-14T15:38:45.135Z"}
{"level":"info","message":"🚀 NGO Backend Server running on port 3000","service":"ngo-backend","timestamp":"2025-06-14T18:55:20.610Z"}
{"level":"info","message":"📝 Environment: development","service":"ngo-backend","timestamp":"2025-06-14T18:55:20.612Z"}
{"level":"info","message":"🔗 API Base URL: http://localhost:3000/api","service":"ngo-backend","timestamp":"2025-06-14T18:55:20.612Z"}
{"level":"info","message":{"ip":"::1","method":"POST","url":"/api/auth/login","userAgent":"PostmanRuntime/7.44.0"},"service":"ngo-backend","timestamp":"2025-06-14T18:56:32.086Z"}
{"error":"Operation `auths.findOne()` buffering timed out after 10000ms","level":"error","message":"Unexpected error occurred","method":"POST","service":"ngo-backend","stack":"MongooseError: Operation `auths.findOne()` buffering timed out after 10000ms\n    at Timeout.<anonymous> (C:\\Users\\divya\\OneDrive\\Desktop\\ngo_backend\\node_modules\\mongoose\\lib\\drivers\\node-mongodb-native\\collection.js:187:23)\n    at listOnTimeout (node:internal/timers:569:17)\n    at process.processTimers (node:internal/timers:512:7)","timestamp":"2025-06-14T18:56:42.098Z","url":"/api/auth/login"}
{"level":"info","message":"SIGINT received, shutting down gracefully","service":"ngo-backend","timestamp":"2025-06-14T18:59:51.429Z"}
{"level":"info","message":"🚀 NGO Backend Server running on port 3000","service":"ngo-backend","timestamp":"2025-06-14T18:59:54.021Z"}
{"level":"info","message":"📝 Environment: development","service":"ngo-backend","timestamp":"2025-06-14T18:59:54.023Z"}
{"level":"info","message":"🔗 API Base URL: http://localhost:3000/api","service":"ngo-backend","timestamp":"2025-06-14T18:59:54.024Z"}
{"level":"info","message":{"ip":"::1","method":"POST","url":"/api/auth/send-verification-email","userAgent":"PostmanRuntime/7.44.0"},"service":"ngo-backend","timestamp":"2025-06-14T19:00:00.596Z"}
{"context":{},"level":"error","message":"Operation `emailverifications.findOneAndUpdate()` buffering timed out after 10000ms","service":"ngo-backend","stack":"Error: Operation `emailverifications.findOneAndUpdate()` buffering timed out after 10000ms\n    at handleError (C:\\Users\\divya\\OneDrive\\Desktop\\ngo_backend\\src\\utils\\errorHandler.js:30:17)\n    at AuthService.sendVerificationEmail (C:\\Users\\divya\\OneDrive\\Desktop\\ngo_backend\\src\\services\\authService.js:74:13)\n    at process.processTicksAndRejections (node:internal/process/task_queues:95:5)\n    at async sendVerificationEmail (C:\\Users\\divya\\OneDrive\\Desktop\\ngo_backend\\src\\controllers\\authController.js:35:22)","statusCode":500,"timestamp":"2025-06-14T19:00:10.610Z"}
{"level":"info","message":"SIGINT received, shutting down gracefully","service":"ngo-backend","timestamp":"2025-06-14T19:01:46.223Z"}
{"level":"info","message":"🚀 NGO Backend Server running on port 3000","service":"ngo-backend","timestamp":"2025-06-14T19:01:48.763Z"}
{"level":"info","message":"📝 Environment: development","service":"ngo-backend","timestamp":"2025-06-14T19:01:48.764Z"}
{"level":"info","message":"🔗 API Base URL: http://localhost:3000/api","service":"ngo-backend","timestamp":"2025-06-14T19:01:48.765Z"}
{"level":"info","message":{"ip":"::1","method":"POST","url":"/api/auth/send-verification-email","userAgent":"PostmanRuntime/7.44.0"},"service":"ngo-backend","timestamp":"2025-06-14T19:01:52.291Z"}
{"context":{},"level":"error","message":"Operation `emailverifications.insertOne()` buffering timed out after 10000ms","service":"ngo-backend","stack":"Error: Operation `emailverifications.insertOne()` buffering timed out after 10000ms\n    at handleError (C:\\Users\\divya\\OneDrive\\Desktop\\ngo_backend\\src\\utils\\errorHandler.js:30:17)\n    at AuthService.sendVerificationEmail (C:\\Users\\divya\\OneDrive\\Desktop\\ngo_backend\\src\\services\\authService.js:70:13)\n    at process.processTicksAndRejections (node:internal/process/task_queues:95:5)\n    at async sendVerificationEmail (C:\\Users\\divya\\OneDrive\\Desktop\\ngo_backend\\src\\controllers\\authController.js:35:22)","statusCode":500,"timestamp":"2025-06-14T19:02:02.312Z"}
{"level":"info","message":"SIGINT received, shutting down gracefully","service":"ngo-backend","timestamp":"2025-06-14T19:04:04.676Z"}
{"level":"info","message":"🚀 NGO Backend Server running on port 3000","service":"ngo-backend","timestamp":"2025-06-14T19:04:50.471Z"}
{"level":"info","message":"📝 Environment: development","service":"ngo-backend","timestamp":"2025-06-14T19:04:50.472Z"}
{"level":"info","message":"🔗 API Base URL: http://localhost:3000/api","service":"ngo-backend","timestamp":"2025-06-14T19:04:50.473Z"}
{"level":"info","message":"MongoDB Connected: ac-vzneeuj-shard-00-00.tmmyekm.mongodb.net","service":"ngo-backend","timestamp":"2025-06-14T19:04:51.103Z"}
{"level":"info","message":{"ip":"::1","method":"POST","url":"/api/auth/send-verification-email","userAgent":"PostmanRuntime/7.44.0"},"service":"ngo-backend","timestamp":"2025-06-14T19:04:55.855Z"}
{"context":{},"level":"error","message":"Invalid login: 535-5.7.8 Username and Password not accepted. For more information, go to\n535 5.7.8  https://support.google.com/mail/?p=BadCredentials 41be03b00d2f7-b2fe1642e0asm3778438a12.17 - gsmtp","service":"ngo-backend","stack":"Error: Invalid login: 535-5.7.8 Username and Password not accepted. For more information, go to\n535 5.7.8  https://support.google.com/mail/?p=BadCredentials 41be03b00d2f7-b2fe1642e0asm3778438a12.17 - gsmtp\n    at handleError (C:\\Users\\divya\\OneDrive\\Desktop\\ngo_backend\\src\\utils\\errorHandler.js:30:17)\n    at AuthService.sendVerificationEmail (C:\\Users\\divya\\OneDrive\\Desktop\\ngo_backend\\src\\services\\authService.js:70:13)\n    at process.processTicksAndRejections (node:internal/process/task_queues:95:5)\n    at async sendVerificationEmail (C:\\Users\\divya\\OneDrive\\Desktop\\ngo_backend\\src\\controllers\\authController.js:35:22)","statusCode":500,"timestamp":"2025-06-14T19:04:57.079Z"}
{"level":"info","message":"SIGINT received, shutting down gracefully","service":"ngo-backend","timestamp":"2025-06-14T19:06:06.622Z"}
{"level":"info","message":"🚀 NGO Backend Server running on port 3000","service":"ngo-backend","timestamp":"2025-06-14T19:06:08.619Z"}
{"level":"info","message":"📝 Environment: development","service":"ngo-backend","timestamp":"2025-06-14T19:06:08.621Z"}
{"level":"info","message":"🔗 API Base URL: http://localhost:3000/api","service":"ngo-backend","timestamp":"2025-06-14T19:06:08.621Z"}
{"level":"info","message":"MongoDB Connected: ac-vzneeuj-shard-00-00.tmmyekm.mongodb.net","service":"ngo-backend","timestamp":"2025-06-14T19:06:09.336Z"}
{"level":"info","message":{"ip":"::1","method":"POST","url":"/api/auth/send-verification-email","userAgent":"PostmanRuntime/7.44.0"},"service":"ngo-backend","timestamp":"2025-06-14T19:06:13.238Z"}
{"context":{},"level":"error","message":"E11000 duplicate key error collection: test.emailverifications index: email_1 dup key: { email: \"divyanshuverma9412@gmail.com\" }","service":"ngo-backend","stack":"Error: E11000 duplicate key error collection: test.emailverifications index: email_1 dup key: { email: \"divyanshuverma9412@gmail.com\" }\n    at handleError (C:\\Users\\divya\\OneDrive\\Desktop\\ngo_backend\\src\\utils\\errorHandler.js:30:17)\n    at AuthService.sendVerificationEmail (C:\\Users\\divya\\OneDrive\\Desktop\\ngo_backend\\src\\services\\authService.js:70:13)\n    at process.processTicksAndRejections (node:internal/process/task_queues:95:5)\n    at async sendVerificationEmail (C:\\Users\\divya\\OneDrive\\Desktop\\ngo_backend\\src\\controllers\\authController.js:35:22)","statusCode":500,"timestamp":"2025-06-14T19:06:13.288Z"}
{"level":"info","message":{"ip":"::1","method":"POST","url":"/api/auth/send-verification-email","userAgent":"PostmanRuntime/7.44.0"},"service":"ngo-backend","timestamp":"2025-06-14T19:07:42.511Z"}
{"context":{},"level":"error","message":"Invalid login: 535-5.7.8 Username and Password not accepted. For more information, go to\n535 5.7.8  https://support.google.com/mail/?p=BadCredentials d2e1a72fcca58-74890083029sm3670038b3a.81 - gsmtp","service":"ngo-backend","stack":"Error: Invalid login: 535-5.7.8 Username and Password not accepted. For more information, go to\n535 5.7.8  https://support.google.com/mail/?p=BadCredentials d2e1a72fcca58-74890083029sm3670038b3a.81 - gsmtp\n    at handleError (C:\\Users\\divya\\OneDrive\\Desktop\\ngo_backend\\src\\utils\\errorHandler.js:30:17)\n    at AuthService.sendVerificationEmail (C:\\Users\\divya\\OneDrive\\Desktop\\ngo_backend\\src\\services\\authService.js:70:13)\n    at process.processTicksAndRejections (node:internal/process/task_queues:95:5)\n    at async sendVerificationEmail (C:\\Users\\divya\\OneDrive\\Desktop\\ngo_backend\\src\\controllers\\authController.js:35:22)","statusCode":500,"timestamp":"2025-06-14T19:07:44.538Z"}
{"level":"info","message":"SIGINT received, shutting down gracefully","service":"ngo-backend","timestamp":"2025-06-14T19:08:04.375Z"}
{"level":"info","message":"🚀 NGO Backend Server running on port 3000","service":"ngo-backend","timestamp":"2025-06-14T19:08:42.076Z"}
{"level":"info","message":"📝 Environment: development","service":"ngo-backend","timestamp":"2025-06-14T19:08:42.077Z"}
{"level":"info","message":"🔗 API Base URL: http://localhost:3000/api","service":"ngo-backend","timestamp":"2025-06-14T19:08:42.077Z"}
{"level":"info","message":"MongoDB Connected: ac-vzneeuj-shard-00-00.tmmyekm.mongodb.net","service":"ngo-backend","timestamp":"2025-06-14T19:08:42.718Z"}
{"level":"info","message":{"ip":"::1","method":"POST","url":"/api/auth/send-verification-email","userAgent":"PostmanRuntime/7.44.0"},"service":"ngo-backend","timestamp":"2025-06-14T19:09:00.232Z"}
{"context":{},"level":"error","message":"Invalid login: 535-5.7.8 Username and Password not accepted. For more information, go to\n535 5.7.8  https://support.google.com/mail/?p=BadCredentials 98e67ed59e1d1-313c19b8276sm5453418a91.7 - gsmtp","service":"ngo-backend","stack":"Error: Invalid login: 535-5.7.8 Username and Password not accepted. For more information, go to\n535 5.7.8  https://support.google.com/mail/?p=BadCredentials 98e67ed59e1d1-313c19b8276sm5453418a91.7 - gsmtp\n    at handleError (C:\\Users\\divya\\OneDrive\\Desktop\\ngo_backend\\src\\utils\\errorHandler.js:30:17)\n    at AuthService.sendVerificationEmail (C:\\Users\\divya\\OneDrive\\Desktop\\ngo_backend\\src\\services\\authService.js:73:13)\n    at process.processTicksAndRejections (node:internal/process/task_queues:95:5)\n    at async sendVerificationEmail (C:\\Users\\divya\\OneDrive\\Desktop\\ngo_backend\\src\\controllers\\authController.js:35:22)","statusCode":500,"timestamp":"2025-06-14T19:09:01.278Z"}
{"level":"info","message":"SIGINT received, shutting down gracefully","service":"ngo-backend","timestamp":"2025-06-14T19:12:34.619Z"}
{"level":"info","message":"🚀 NGO Backend Server running on port 3000","service":"ngo-backend","timestamp":"2025-06-14T19:12:42.678Z"}
{"level":"info","message":"📝 Environment: development","service":"ngo-backend","timestamp":"2025-06-14T19:12:42.679Z"}
{"level":"info","message":"🔗 API Base URL: http://localhost:3000/api","service":"ngo-backend","timestamp":"2025-06-14T19:12:42.679Z"}
{"level":"info","message":"MongoDB Connected: ac-vzneeuj-shard-00-00.tmmyekm.mongodb.net","service":"ngo-backend","timestamp":"2025-06-14T19:12:43.315Z"}
{"level":"info","message":{"ip":"::1","method":"POST","url":"/api/auth/send-verification-email","userAgent":"PostmanRuntime/7.44.0"},"service":"ngo-backend","timestamp":"2025-06-14T19:12:46.560Z"}
{"context":{},"level":"error","message":"E11000 duplicate key error collection: test.emailverifications index: email_1 dup key: { email: \"divyanshuverma9412@gmail.com\" }","service":"ngo-backend","stack":"Error: E11000 duplicate key error collection: test.emailverifications index: email_1 dup key: { email: \"divyanshuverma9412@gmail.com\" }\n    at handleError (C:\\Users\\divya\\OneDrive\\Desktop\\ngo_backend\\src\\utils\\errorHandler.js:30:17)\n    at AuthService.sendVerificationEmail (C:\\Users\\divya\\OneDrive\\Desktop\\ngo_backend\\src\\services\\authService.js:70:13)\n    at process.processTicksAndRejections (node:internal/process/task_queues:95:5)\n    at async sendVerificationEmail (C:\\Users\\divya\\OneDrive\\Desktop\\ngo_backend\\src\\controllers\\authController.js:35:22)","statusCode":500,"timestamp":"2025-06-14T19:12:46.616Z"}
{"level":"info","message":{"ip":"::1","method":"POST","url":"/api/auth/send-verification-email","userAgent":"PostmanRuntime/7.44.0"},"service":"ngo-backend","timestamp":"2025-06-14T19:13:05.458Z"}
{"context":{},"level":"error","message":"Invalid login: 535-5.7.8 Username and Password not accepted. For more information, go to\n535 5.7.8  https://support.google.com/mail/?p=BadCredentials 98e67ed59e1d1-313c1c4deddsm5430703a91.28 - gsmtp","service":"ngo-backend","stack":"Error: Invalid login: 535-5.7.8 Username and Password not accepted. For more information, go to\n535 5.7.8  https://support.google.com/mail/?p=BadCredentials 98e67ed59e1d1-313c1c4deddsm5430703a91.28 - gsmtp\n    at handleError (C:\\Users\\divya\\OneDrive\\Desktop\\ngo_backend\\src\\utils\\errorHandler.js:30:17)\n    at AuthService.sendVerificationEmail (C:\\Users\\divya\\OneDrive\\Desktop\\ngo_backend\\src\\services\\authService.js:70:13)\n    at process.processTicksAndRejections (node:internal/process/task_queues:95:5)\n    at async sendVerificationEmail (C:\\Users\\divya\\OneDrive\\Desktop\\ngo_backend\\src\\controllers\\authController.js:35:22)","statusCode":500,"timestamp":"2025-06-14T19:13:07.274Z"}
{"level":"info","message":{"ip":"::1","method":"POST","url":"/api/auth/send-verification-email","userAgent":"PostmanRuntime/7.44.0"},"service":"ngo-backend","timestamp":"2025-06-14T19:14:34.512Z"}
{"context":{},"level":"error","message":"Invalid login: 534-5.7.9 Application-specific password required. For more information, go to\n534 5.7.9  https://support.google.com/mail/?p=InvalidSecondFactor 98e67ed59e1d1-313c1b59ed4sm5445831a91.39 - gsmtp","service":"ngo-backend","stack":"Error: Invalid login: 534-5.7.9 Application-specific password required. For more information, go to\n534 5.7.9  https://support.google.com/mail/?p=InvalidSecondFactor 98e67ed59e1d1-313c1b59ed4sm5445831a91.39 - gsmtp\n    at handleError (C:\\Users\\divya\\OneDrive\\Desktop\\ngo_backend\\src\\utils\\errorHandler.js:30:17)\n    at AuthService.sendVerificationEmail (C:\\Users\\divya\\OneDrive\\Desktop\\ngo_backend\\src\\services\\authService.js:70:13)\n    at process.processTicksAndRejections (node:internal/process/task_queues:95:5)\n    at async sendVerificationEmail (C:\\Users\\divya\\OneDrive\\Desktop\\ngo_backend\\src\\controllers\\authController.js:35:22)","statusCode":500,"timestamp":"2025-06-14T19:14:36.319Z"}
{"level":"info","message":"SIGINT received, shutting down gracefully","service":"ngo-backend","timestamp":"2025-06-14T19:15:16.124Z"}
{"level":"info","message":"🚀 NGO Backend Server running on port 3000","service":"ngo-backend","timestamp":"2025-06-14T19:15:21.322Z"}
{"level":"info","message":"📝 Environment: development","service":"ngo-backend","timestamp":"2025-06-14T19:15:21.323Z"}
{"level":"info","message":"🔗 API Base URL: http://localhost:3000/api","service":"ngo-backend","timestamp":"2025-06-14T19:15:21.323Z"}
{"level":"info","message":"MongoDB Connected: ac-vzneeuj-shard-00-00.tmmyekm.mongodb.net","service":"ngo-backend","timestamp":"2025-06-14T19:15:21.948Z"}
{"level":"info","message":{"ip":"::1","method":"POST","url":"/api/auth/send-verification-email","userAgent":"PostmanRuntime/7.44.0"},"service":"ngo-backend","timestamp":"2025-06-14T19:15:24.184Z"}
{"context":{},"level":"error","message":"E11000 duplicate key error collection: test.emailverifications index: email_1 dup key: { email: \"divyanshuverma9412@gmail.com\" }","service":"ngo-backend","stack":"Error: E11000 duplicate key error collection: test.emailverifications index: email_1 dup key: { email: \"divyanshuverma9412@gmail.com\" }\n    at handleError (C:\\Users\\divya\\OneDrive\\Desktop\\ngo_backend\\src\\utils\\errorHandler.js:30:17)\n    at AuthService.sendVerificationEmail (C:\\Users\\divya\\OneDrive\\Desktop\\ngo_backend\\src\\services\\authService.js:70:13)\n    at process.processTicksAndRejections (node:internal/process/task_queues:95:5)\n    at async sendVerificationEmail (C:\\Users\\divya\\OneDrive\\Desktop\\ngo_backend\\src\\controllers\\authController.js:35:22)","statusCode":500,"timestamp":"2025-06-14T19:15:24.236Z"}
{"level":"info","message":{"ip":"::1","method":"POST","url":"/api/auth/send-verification-email","userAgent":"PostmanRuntime/7.44.0"},"service":"ngo-backend","timestamp":"2025-06-14T19:15:39.533Z"}
{"context":{"email":"divyanshuverma9412@gmail.com"},"level":"info","message":"Verification email sent successfully","service":"ngo-backend","timestamp":"2025-06-14T19:15:42.374Z"}
{"context":{"dataLength":1,"statusCode":200},"level":"info","message":"Verification email sent successfully","service":"ngo-backend","timestamp":"2025-06-14T19:15:42.375Z"}
{"level":"info","message":{"ip":"::1","method":"POST","url":"/api/auth/verify-email","userAgent":"PostmanRuntime/7.44.0"},"service":"ngo-backend","timestamp":"2025-06-14T19:17:41.406Z"}
{"context":{"email":"divyanshuverma9412@gmail.com"},"level":"info","message":"Email verified successfully","service":"ngo-backend","timestamp":"2025-06-14T19:17:41.520Z"}
{"context":{"dataLength":1,"statusCode":200},"level":"info","message":"Email verified successfully","service":"ngo-backend","timestamp":"2025-06-14T19:17:41.521Z"}
{"level":"info","message":{"ip":"::1","method":"POST","url":"/api/auth/candidate/register","userAgent":"PostmanRuntime/7.44.0"},"service":"ngo-backend","timestamp":"2025-06-14T19:23:15.471Z"}
{"context":{},"level":"error","message":"Email not verified","service":"ngo-backend","stack":"Error: Email not verified\n    at handleError (C:\\Users\\divya\\OneDrive\\Desktop\\ngo_backend\\src\\utils\\errorHandler.js:30:17)\n    at AuthService.registerCandidate (C:\\Users\\divya\\OneDrive\\Desktop\\ngo_backend\\src\\services\\authService.js:101:15)\n    at process.processTicksAndRejections (node:internal/process/task_queues:95:5)\n    at async registerCandidate (C:\\Users\\divya\\OneDrive\\Desktop\\ngo_backend\\src\\controllers\\authController.js:54:21)","statusCode":500,"timestamp":"2025-06-14T19:23:15.524Z"}
{"level":"info","message":{"ip":"::1","method":"POST","url":"/api/auth/send-verification-email","userAgent":"PostmanRuntime/7.44.0"},"service":"ngo-backend","timestamp":"2025-06-14T19:24:31.973Z"}
{"context":{"email":"divyanshuverma9412@gmail.com"},"level":"info","message":"Verification email sent successfully","service":"ngo-backend","timestamp":"2025-06-14T19:24:35.246Z"}
{"context":{"dataLength":1,"statusCode":200},"level":"info","message":"Verification email sent successfully","service":"ngo-backend","timestamp":"2025-06-14T19:24:35.246Z"}
{"level":"info","message":{"ip":"::1","method":"POST","url":"/api/auth/verify-email","userAgent":"PostmanRuntime/7.44.0"},"service":"ngo-backend","timestamp":"2025-06-14T19:25:02.598Z"}
{"context":{"email":"divyanshuverma9412@gmail.com"},"level":"info","message":"Email verified successfully","service":"ngo-backend","timestamp":"2025-06-14T19:25:02.695Z"}
{"context":{"dataLength":1,"statusCode":200},"level":"info","message":"Email verified successfully","service":"ngo-backend","timestamp":"2025-06-14T19:25:02.695Z"}
{"level":"info","message":{"ip":"::1","method":"POST","url":"/api/auth/candidate/register","userAgent":"PostmanRuntime/7.44.0"},"service":"ngo-backend","timestamp":"2025-06-14T19:25:18.375Z"}
{"level":"info","message":{"ip":"::1","method":"POST","url":"/api/auth/candidate/register","userAgent":"PostmanRuntime/7.44.0"},"service":"ngo-backend","timestamp":"2025-06-14T19:25:33.344Z"}
{"level":"info","message":{"ip":"::1","method":"POST","url":"/api/auth/candidate/register","userAgent":"PostmanRuntime/7.44.0"},"service":"ngo-backend","timestamp":"2025-06-14T19:25:53.606Z"}
{"level":"info","message":"SIGINT received, shutting down gracefully","service":"ngo-backend","timestamp":"2025-06-14T19:31:17.077Z"}
{"level":"info","message":"🚀 NGO Backend Server running on port 3000","service":"ngo-backend","timestamp":"2025-06-14T19:31:25.444Z"}
{"level":"info","message":"📝 Environment: development","service":"ngo-backend","timestamp":"2025-06-14T19:31:25.445Z"}
{"level":"info","message":"🔗 API Base URL: http://localhost:3000/api","service":"ngo-backend","timestamp":"2025-06-14T19:31:25.445Z"}
{"level":"info","message":"MongoDB Connected: ac-vzneeuj-shard-00-00.tmmyekm.mongodb.net","service":"ngo-backend","timestamp":"2025-06-14T19:31:26.090Z"}
{"level":"info","message":{"ip":"::1","method":"POST","url":"/api/auth/candidate/register","userAgent":"PostmanRuntime/7.44.0"},"service":"ngo-backend","timestamp":"2025-06-14T19:31:28.541Z"}
{"context":{},"level":"error","message":"Email not verified","service":"ngo-backend","stack":"Error: Email not verified\n    at handleError (C:\\Users\\divya\\OneDrive\\Desktop\\ngo_backend\\src\\utils\\errorHandler.js:30:17)\n    at AuthService.registerCandidate (C:\\Users\\divya\\OneDrive\\Desktop\\ngo_backend\\src\\services\\authService.js:103:15)\n    at process.processTicksAndRejections (node:internal/process/task_queues:95:5)\n    at async registerCandidate (C:\\Users\\divya\\OneDrive\\Desktop\\ngo_backend\\src\\controllers\\authController.js:54:21)","statusCode":500,"timestamp":"2025-06-14T19:31:28.599Z"}
{"level":"info","message":"SIGINT received, shutting down gracefully","service":"ngo-backend","timestamp":"2025-06-14T19:32:11.835Z"}
{"level":"info","message":"🚀 NGO Backend Server running on port 3000","service":"ngo-backend","timestamp":"2025-06-14T19:32:16.926Z"}
{"level":"info","message":"📝 Environment: development","service":"ngo-backend","timestamp":"2025-06-14T19:32:16.927Z"}
{"level":"info","message":"🔗 API Base URL: http://localhost:3000/api","service":"ngo-backend","timestamp":"2025-06-14T19:32:16.928Z"}
{"level":"info","message":"MongoDB Connected: ac-vzneeuj-shard-00-00.tmmyekm.mongodb.net","service":"ngo-backend","timestamp":"2025-06-14T19:32:17.492Z"}
{"level":"info","message":"SIGINT received, shutting down gracefully","service":"ngo-backend","timestamp":"2025-06-14T19:32:35.940Z"}
{"level":"info","message":"🚀 NGO Backend Server running on port 3000","service":"ngo-backend","timestamp":"2025-06-14T19:32:42.939Z"}
{"level":"info","message":"📝 Environment: development","service":"ngo-backend","timestamp":"2025-06-14T19:32:42.941Z"}
{"level":"info","message":"🔗 API Base URL: http://localhost:3000/api","service":"ngo-backend","timestamp":"2025-06-14T19:32:42.941Z"}
{"level":"info","message":"MongoDB Connected: ac-vzneeuj-shard-00-00.tmmyekm.mongodb.net","service":"ngo-backend","timestamp":"2025-06-14T19:32:43.450Z"}
{"level":"info","message":{"ip":"::1","method":"POST","url":"/api/auth/candidate/register","userAgent":"PostmanRuntime/7.44.0"},"service":"ngo-backend","timestamp":"2025-06-14T19:32:49.924Z"}
{"context":{},"level":"error","message":"Email not verified","service":"ngo-backend","stack":"Error: Email not verified\n    at handleError (C:\\Users\\divya\\OneDrive\\Desktop\\ngo_backend\\src\\utils\\errorHandler.js:30:17)\n    at AuthService.registerCandidate (C:\\Users\\divya\\OneDrive\\Desktop\\ngo_backend\\src\\services\\authService.js:103:15)\n    at process.processTicksAndRejections (node:internal/process/task_queues:95:5)\n    at async registerCandidate (C:\\Users\\divya\\OneDrive\\Desktop\\ngo_backend\\src\\controllers\\authController.js:54:21)","statusCode":500,"timestamp":"2025-06-14T19:32:49.979Z"}
{"level":"info","message":{"ip":"::1","method":"POST","url":"/api/auth/send-verification-email","userAgent":"PostmanRuntime/7.44.0"},"service":"ngo-backend","timestamp":"2025-06-14T19:32:57.003Z"}
{"context":{"email":"divyanshuverma9412@gmail.com"},"level":"info","message":"Verification email sent successfully","service":"ngo-backend","timestamp":"2025-06-14T19:33:00.301Z"}
{"context":{"dataLength":1,"statusCode":200},"level":"info","message":"Verification email sent successfully","service":"ngo-backend","timestamp":"2025-06-14T19:33:00.301Z"}
{"level":"info","message":{"ip":"::1","method":"POST","url":"/api/auth/verify-email","userAgent":"PostmanRuntime/7.44.0"},"service":"ngo-backend","timestamp":"2025-06-14T19:33:19.530Z"}
{"context":{"email":"divyanshuverma9412@gmail.com"},"level":"info","message":"Email verified successfully","service":"ngo-backend","timestamp":"2025-06-14T19:33:19.628Z"}
{"context":{"dataLength":1,"statusCode":200},"level":"info","message":"Email verified successfully","service":"ngo-backend","timestamp":"2025-06-14T19:33:19.628Z"}
{"level":"info","message":{"ip":"::1","method":"POST","url":"/api/auth/candidate/register","userAgent":"PostmanRuntime/7.44.0"},"service":"ngo-backend","timestamp":"2025-06-14T19:33:22.644Z"}
{"context":{},"level":"error","message":"Cloudinary upload failed: Invalid cloud_name Ngo_Backend","service":"ngo-backend","stack":"Error: Cloudinary upload failed: Invalid cloud_name Ngo_Backend\n    at handleError (C:\\Users\\divya\\OneDrive\\Desktop\\ngo_backend\\src\\utils\\errorHandler.js:30:17)\n    at C:\\Users\\divya\\OneDrive\\Desktop\\ngo_backend\\src\\utils\\cloudinary.js:38:22\n    at C:\\Users\\divya\\OneDrive\\Desktop\\ngo_backend\\node_modules\\cloudinary\\lib\\utils\\index.js:1394:14\n    at IncomingMessage.<anonymous> (C:\\Users\\divya\\OneDrive\\Desktop\\ngo_backend\\node_modules\\cloudinary\\lib\\uploader.js:514:9)\n    at IncomingMessage.emit (node:events:529:35)\n    at endReadableNT (node:internal/streams/readable:1400:12)\n    at process.processTicksAndRejections (node:internal/process/task_queues:82:21)","statusCode":500,"timestamp":"2025-06-14T19:33:24.266Z"}
{"http_code":401,"level":"error","message":"Unhandled Promise Rejection: Invalid cloud_name Ngo_Backend","name":"Error","service":"ngo-backend","timestamp":"2025-06-14T19:33:24.266Z"}
{"context":{"email":"divyanshuverma9412@gmail.com"},"level":"info","message":"Candidate registration request created","service":"ngo-backend","timestamp":"2025-06-14T19:33:24.267Z"}
{"context":{"dataLength":1,"statusCode":201},"level":"info","message":"Candidate registration request submitted","service":"ngo-backend","timestamp":"2025-06-14T19:33:24.267Z"}
{"level":"info","message":"🚀 NGO Backend Server running on port 3000","service":"ngo-backend","timestamp":"2025-06-14T19:35:12.193Z"}
{"level":"info","message":"📝 Environment: development","service":"ngo-backend","timestamp":"2025-06-14T19:35:12.195Z"}
{"level":"info","message":"🔗 API Base URL: http://localhost:3000/api","service":"ngo-backend","timestamp":"2025-06-14T19:35:12.195Z"}
{"level":"info","message":"MongoDB Connected: ac-vzneeuj-shard-00-00.tmmyekm.mongodb.net","service":"ngo-backend","timestamp":"2025-06-14T19:35:12.823Z"}
{"level":"info","message":{"ip":"::1","method":"POST","url":"/api/auth/candidate/register","userAgent":"PostmanRuntime/7.44.0"},"service":"ngo-backend","timestamp":"2025-06-14T19:35:15.466Z"}
{"context":{"email":"divyanshuverma9412@gmail.com"},"level":"info","message":"Candidate registration request created","service":"ngo-backend","timestamp":"2025-06-14T19:35:21.065Z"}
{"context":{"dataLength":1,"statusCode":201},"level":"info","message":"Candidate registration request submitted","service":"ngo-backend","timestamp":"2025-06-14T19:35:21.065Z"}
{"level":"info","message":"SIGINT received, shutting down gracefully","service":"ngo-backend","timestamp":"2025-06-14T19:36:42.598Z"}
